<?xml version="1.0" encoding="UTF-8"?>
<testsuite xmlns:xsi="http://www.w3.org/2001/XMLSchema-instance" xsi:noNamespaceSchemaLocation="https://maven.apache.org/surefire/maven-surefire-plugin/xsd/surefire-test-report-3.0.xsd" version="3.0" name="PolynomialCalculatorTest" time="0.283" tests="6" errors="0" skipped="0" failures="0">
  <properties>
[...]
</properties>
  <testcase name="testDerivative" classname="PolynomialCalculatorTest" time="0.238"/>
  <testcase name="testValidatePolynomial" classname="PolynomialCalculatorTest" time="0.006"/>
  <testcase name="testMultiplication" classname="PolynomialCalculatorTest" time="0.006"/>
  <testcase name="testAddition" classname="PolynomialCalculatorTest" time="0.006"/>
  <testcase name="testDivision" classname="PolynomialCalculatorTest" time="0.005"/>
  <testcase name="testSubtraction" classname="PolynomialCalculatorTest" time="0.004"/>
</testsuite>